2020-11-19 20:03:26 startup archives unpack
2020-11-19 20:03:26 install readline-common:all <none> 7.0-5
2020-11-19 20:03:26 status half-installed readline-common:all 7.0-5
2020-11-19 20:03:26 status unpacked readline-common:all 7.0-5
2020-11-19 20:03:26 install libsasl2-modules-db:amd64 <none> 2.1.27+dfsg-1+deb10u1
2020-11-19 20:03:26 status half-installed libsasl2-modules-db:amd64 2.1.27+dfsg-1+deb10u1
2020-11-19 20:03:26 status unpacked libsasl2-modules-db:amd64 2.1.27+dfsg-1+deb10u1
2020-11-19 20:03:26 install libsasl2-2:amd64 <none> 2.1.27+dfsg-1+deb10u1
2020-11-19 20:03:26 status triggers-pending libc-bin:amd64 2.28-10
2020-11-19 20:03:26 status half-installed libsasl2-2:amd64 2.1.27+dfsg-1+deb10u1
2020-11-19 20:03:26 status unpacked libsasl2-2:amd64 2.1.27+dfsg-1+deb10u1
2020-11-19 20:03:26 install libldap-common:all <none> 2.4.47+dfsg-3+deb10u4
2020-11-19 20:03:26 status half-installed libldap-common:all 2.4.47+dfsg-3+deb10u4
2020-11-19 20:03:26 status unpacked libldap-common:all 2.4.47+dfsg-3+deb10u4
2020-11-19 20:03:26 install libldap-2.4-2:amd64 <none> 2.4.47+dfsg-3+deb10u4
2020-11-19 20:03:26 status half-installed libldap-2.4-2:amd64 2.4.47+dfsg-3+deb10u4
2020-11-19 20:03:26 status unpacked libldap-2.4-2:amd64 2.4.47+dfsg-3+deb10u4
2020-11-19 20:03:26 install apt-transport-https:all <none> 1.8.2.1
2020-11-19 20:03:26 status half-installed apt-transport-https:all 1.8.2.1
2020-11-19 20:03:26 status unpacked apt-transport-https:all 1.8.2.1
2020-11-19 20:03:26 install libssl1.1:amd64 <none> 1.1.1d-0+deb10u3
2020-11-19 20:03:26 status half-installed libssl1.1:amd64 1.1.1d-0+deb10u3
2020-11-19 20:03:26 status unpacked libssl1.1:amd64 1.1.1d-0+deb10u3
2020-11-19 20:03:26 install openssl:amd64 <none> 1.1.1d-0+deb10u3
2020-11-19 20:03:26 status half-installed openssl:amd64 1.1.1d-0+deb10u3
2020-11-19 20:03:26 status unpacked openssl:amd64 1.1.1d-0+deb10u3
2020-11-19 20:03:26 install ca-certificates:all <none> 20200601~deb10u1
2020-11-19 20:03:26 status half-installed ca-certificates:all 20200601~deb10u1
2020-11-19 20:03:26 status unpacked ca-certificates:all 20200601~deb10u1
2020-11-19 20:03:26 install libkeyutils1:amd64 <none> 1.6-6
2020-11-19 20:03:26 status half-installed libkeyutils1:amd64 1.6-6
2020-11-19 20:03:27 status unpacked libkeyutils1:amd64 1.6-6
2020-11-19 20:03:27 install libkrb5support0:amd64 <none> 1.17-3
2020-11-19 20:03:27 status half-installed libkrb5support0:amd64 1.17-3
2020-11-19 20:03:27 status unpacked libkrb5support0:amd64 1.17-3
2020-11-19 20:03:27 install libk5crypto3:amd64 <none> 1.17-3
2020-11-19 20:03:27 status half-installed libk5crypto3:amd64 1.17-3
2020-11-19 20:03:27 status unpacked libk5crypto3:amd64 1.17-3
2020-11-19 20:03:27 install libkrb5-3:amd64 <none> 1.17-3
2020-11-19 20:03:27 status half-installed libkrb5-3:amd64 1.17-3
2020-11-19 20:03:27 status unpacked libkrb5-3:amd64 1.17-3
2020-11-19 20:03:27 install libgssapi-krb5-2:amd64 <none> 1.17-3
2020-11-19 20:03:27 status half-installed libgssapi-krb5-2:amd64 1.17-3
2020-11-19 20:03:27 status unpacked libgssapi-krb5-2:amd64 1.17-3
2020-11-19 20:03:27 install libnghttp2-14:amd64 <none> 1.36.0-2+deb10u1
2020-11-19 20:03:27 status half-installed libnghttp2-14:amd64 1.36.0-2+deb10u1
2020-11-19 20:03:27 status unpacked libnghttp2-14:amd64 1.36.0-2+deb10u1
2020-11-19 20:03:27 install libpsl5:amd64 <none> 0.20.2-2
2020-11-19 20:03:27 status half-installed libpsl5:amd64 0.20.2-2
2020-11-19 20:03:27 status unpacked libpsl5:amd64 0.20.2-2
2020-11-19 20:03:27 install librtmp1:amd64 <none> 2.4+20151223.gitfa8646d.1-2
2020-11-19 20:03:27 status half-installed librtmp1:amd64 2.4+20151223.gitfa8646d.1-2
2020-11-19 20:03:27 status unpacked librtmp1:amd64 2.4+20151223.gitfa8646d.1-2
2020-11-19 20:03:27 install libssh2-1:amd64 <none> 1.8.0-2.1
2020-11-19 20:03:27 status half-installed libssh2-1:amd64 1.8.0-2.1
2020-11-19 20:03:27 status unpacked libssh2-1:amd64 1.8.0-2.1
2020-11-19 20:03:27 install libcurl3-gnutls:amd64 <none> 7.64.0-4+deb10u1
2020-11-19 20:03:27 status half-installed libcurl3-gnutls:amd64 7.64.0-4+deb10u1
2020-11-19 20:03:27 status unpacked libcurl3-gnutls:amd64 7.64.0-4+deb10u1
2020-11-19 20:03:27 install libreadline7:amd64 <none> 7.0-5
2020-11-19 20:03:27 status half-installed libreadline7:amd64 7.0-5
2020-11-19 20:03:27 status unpacked libreadline7:amd64 7.0-5
2020-11-19 20:03:27 install gnupg1:amd64 <none> 1.4.23-1
2020-11-19 20:03:27 status half-installed gnupg1:amd64 1.4.23-1
2020-11-19 20:03:27 status unpacked gnupg1:amd64 1.4.23-1
2020-11-19 20:03:27 startup packages configure
2020-11-19 20:03:27 configure libkeyutils1:amd64 1.6-6 <none>
2020-11-19 20:03:27 status unpacked libkeyutils1:amd64 1.6-6
2020-11-19 20:03:27 status half-configured libkeyutils1:amd64 1.6-6
2020-11-19 20:03:27 status installed libkeyutils1:amd64 1.6-6
2020-11-19 20:03:27 configure libpsl5:amd64 0.20.2-2 <none>
2020-11-19 20:03:27 status unpacked libpsl5:amd64 0.20.2-2
2020-11-19 20:03:27 status half-configured libpsl5:amd64 0.20.2-2
2020-11-19 20:03:27 status installed libpsl5:amd64 0.20.2-2
2020-11-19 20:03:27 configure apt-transport-https:all 1.8.2.1 <none>
2020-11-19 20:03:27 status unpacked apt-transport-https:all 1.8.2.1
2020-11-19 20:03:27 status half-configured apt-transport-https:all 1.8.2.1
2020-11-19 20:03:27 status installed apt-transport-https:all 1.8.2.1
2020-11-19 20:03:27 configure libssl1.1:amd64 1.1.1d-0+deb10u3 <none>
2020-11-19 20:03:27 status unpacked libssl1.1:amd64 1.1.1d-0+deb10u3
2020-11-19 20:03:27 status half-configured libssl1.1:amd64 1.1.1d-0+deb10u3
2020-11-19 20:03:27 status installed libssl1.1:amd64 1.1.1d-0+deb10u3
2020-11-19 20:03:27 configure libnghttp2-14:amd64 1.36.0-2+deb10u1 <none>
2020-11-19 20:03:27 status unpacked libnghttp2-14:amd64 1.36.0-2+deb10u1
2020-11-19 20:03:27 status half-configured libnghttp2-14:amd64 1.36.0-2+deb10u1
2020-11-19 20:03:27 status installed libnghttp2-14:amd64 1.36.0-2+deb10u1
2020-11-19 20:03:27 configure libldap-common:all 2.4.47+dfsg-3+deb10u4 <none>
2020-11-19 20:03:27 status unpacked libldap-common:all 2.4.47+dfsg-3+deb10u4
2020-11-19 20:03:27 status half-configured libldap-common:all 2.4.47+dfsg-3+deb10u4
2020-11-19 20:03:27 status installed libldap-common:all 2.4.47+dfsg-3+deb10u4
2020-11-19 20:03:27 configure libkrb5support0:amd64 1.17-3 <none>
2020-11-19 20:03:27 status unpacked libkrb5support0:amd64 1.17-3
2020-11-19 20:03:27 status half-configured libkrb5support0:amd64 1.17-3
2020-11-19 20:03:27 status installed libkrb5support0:amd64 1.17-3
2020-11-19 20:03:27 configure libsasl2-modules-db:amd64 2.1.27+dfsg-1+deb10u1 <none>
2020-11-19 20:03:27 status unpacked libsasl2-modules-db:amd64 2.1.27+dfsg-1+deb10u1
2020-11-19 20:03:27 status half-configured libsasl2-modules-db:amd64 2.1.27+dfsg-1+deb10u1
2020-11-19 20:03:27 status installed libsasl2-modules-db:amd64 2.1.27+dfsg-1+deb10u1
2020-11-19 20:03:27 configure librtmp1:amd64 2.4+20151223.gitfa8646d.1-2 <none>
2020-11-19 20:03:27 status unpacked librtmp1:amd64 2.4+20151223.gitfa8646d.1-2
2020-11-19 20:03:27 status half-configured librtmp1:amd64 2.4+20151223.gitfa8646d.1-2
2020-11-19 20:03:27 status installed librtmp1:amd64 2.4+20151223.gitfa8646d.1-2
2020-11-19 20:03:27 configure libk5crypto3:amd64 1.17-3 <none>
2020-11-19 20:03:27 status unpacked libk5crypto3:amd64 1.17-3
2020-11-19 20:03:27 status half-configured libk5crypto3:amd64 1.17-3
2020-11-19 20:03:27 status installed libk5crypto3:amd64 1.17-3
2020-11-19 20:03:27 configure libsasl2-2:amd64 2.1.27+dfsg-1+deb10u1 <none>
2020-11-19 20:03:27 status unpacked libsasl2-2:amd64 2.1.27+dfsg-1+deb10u1
2020-11-19 20:03:27 status half-configured libsasl2-2:amd64 2.1.27+dfsg-1+deb10u1
2020-11-19 20:03:27 status installed libsasl2-2:amd64 2.1.27+dfsg-1+deb10u1
2020-11-19 20:03:27 configure libssh2-1:amd64 1.8.0-2.1 <none>
2020-11-19 20:03:27 status unpacked libssh2-1:amd64 1.8.0-2.1
2020-11-19 20:03:27 status half-configured libssh2-1:amd64 1.8.0-2.1
2020-11-19 20:03:27 status installed libssh2-1:amd64 1.8.0-2.1
2020-11-19 20:03:27 configure libkrb5-3:amd64 1.17-3 <none>
2020-11-19 20:03:27 status unpacked libkrb5-3:amd64 1.17-3
2020-11-19 20:03:27 status half-configured libkrb5-3:amd64 1.17-3
2020-11-19 20:03:27 status installed libkrb5-3:amd64 1.17-3
2020-11-19 20:03:27 configure openssl:amd64 1.1.1d-0+deb10u3 <none>
2020-11-19 20:03:27 status unpacked openssl:amd64 1.1.1d-0+deb10u3
2020-11-19 20:03:27 status half-configured openssl:amd64 1.1.1d-0+deb10u3
2020-11-19 20:03:27 status installed openssl:amd64 1.1.1d-0+deb10u3
2020-11-19 20:03:27 configure readline-common:all 7.0-5 <none>
2020-11-19 20:03:27 status unpacked readline-common:all 7.0-5
2020-11-19 20:03:27 status half-configured readline-common:all 7.0-5
2020-11-19 20:03:27 status installed readline-common:all 7.0-5
2020-11-19 20:03:27 configure libreadline7:amd64 7.0-5 <none>
2020-11-19 20:03:27 status unpacked libreadline7:amd64 7.0-5
2020-11-19 20:03:27 status half-configured libreadline7:amd64 7.0-5
2020-11-19 20:03:27 status installed libreadline7:amd64 7.0-5
2020-11-19 20:03:27 configure libldap-2.4-2:amd64 2.4.47+dfsg-3+deb10u4 <none>
2020-11-19 20:03:27 status unpacked libldap-2.4-2:amd64 2.4.47+dfsg-3+deb10u4
2020-11-19 20:03:27 status half-configured libldap-2.4-2:amd64 2.4.47+dfsg-3+deb10u4
2020-11-19 20:03:27 status installed libldap-2.4-2:amd64 2.4.47+dfsg-3+deb10u4
2020-11-19 20:03:27 configure ca-certificates:all 20200601~deb10u1 <none>
2020-11-19 20:03:27 status unpacked ca-certificates:all 20200601~deb10u1
2020-11-19 20:03:27 status half-configured ca-certificates:all 20200601~deb10u1
2020-11-19 20:03:31 status installed ca-certificates:all 20200601~deb10u1
2020-11-19 20:03:31 status triggers-pending ca-certificates:all 20200601~deb10u1
2020-11-19 20:03:31 configure libgssapi-krb5-2:amd64 1.17-3 <none>
2020-11-19 20:03:31 status unpacked libgssapi-krb5-2:amd64 1.17-3
2020-11-19 20:03:31 status half-configured libgssapi-krb5-2:amd64 1.17-3
2020-11-19 20:03:31 status installed libgssapi-krb5-2:amd64 1.17-3
2020-11-19 20:03:31 configure libcurl3-gnutls:amd64 7.64.0-4+deb10u1 <none>
2020-11-19 20:03:31 status unpacked libcurl3-gnutls:amd64 7.64.0-4+deb10u1
2020-11-19 20:03:31 status half-configured libcurl3-gnutls:amd64 7.64.0-4+deb10u1
2020-11-19 20:03:31 status installed libcurl3-gnutls:amd64 7.64.0-4+deb10u1
2020-11-19 20:03:31 configure gnupg1:amd64 1.4.23-1 <none>
2020-11-19 20:03:31 status unpacked gnupg1:amd64 1.4.23-1
2020-11-19 20:03:31 status half-configured gnupg1:amd64 1.4.23-1
2020-11-19 20:03:31 status installed gnupg1:amd64 1.4.23-1
2020-11-19 20:03:31 trigproc libc-bin:amd64 2.28-10 <none>
2020-11-19 20:03:31 status half-configured libc-bin:amd64 2.28-10
2020-11-19 20:03:31 status installed libc-bin:amd64 2.28-10
2020-11-19 20:03:31 trigproc ca-certificates:all 20200601~deb10u1 <none>
2020-11-19 20:03:31 status half-configured ca-certificates:all 20200601~deb10u1
2020-11-19 20:03:32 status installed ca-certificates:all 20200601~deb10u1
2020-11-19 20:03:34 startup packages remove
2020-11-19 20:03:34 status installed gnupg1:amd64 1.4.23-1
2020-11-19 20:03:34 remove gnupg1:amd64 1.4.23-1 <none>
2020-11-19 20:03:34 status half-configured gnupg1:amd64 1.4.23-1
2020-11-19 20:03:34 status half-installed gnupg1:amd64 1.4.23-1
2020-11-19 20:03:34 status config-files gnupg1:amd64 1.4.23-1
2020-11-19 20:03:34 status not-installed gnupg1:amd64 <none>
2020-11-19 20:03:34 status installed libcurl3-gnutls:amd64 7.64.0-4+deb10u1
2020-11-19 20:03:34 remove libcurl3-gnutls:amd64 7.64.0-4+deb10u1 <none>
2020-11-19 20:03:34 status triggers-pending libc-bin:amd64 2.28-10
2020-11-19 20:03:34 status half-configured libcurl3-gnutls:amd64 7.64.0-4+deb10u1
2020-11-19 20:03:34 status half-installed libcurl3-gnutls:amd64 7.64.0-4+deb10u1
2020-11-19 20:03:34 status config-files libcurl3-gnutls:amd64 7.64.0-4+deb10u1
2020-11-19 20:03:34 status not-installed libcurl3-gnutls:amd64 <none>
2020-11-19 20:03:34 status installed libgssapi-krb5-2:amd64 1.17-3
2020-11-19 20:03:34 remove libgssapi-krb5-2:amd64 1.17-3 <none>
2020-11-19 20:03:34 status half-configured libgssapi-krb5-2:amd64 1.17-3
2020-11-19 20:03:34 status half-installed libgssapi-krb5-2:amd64 1.17-3
2020-11-19 20:03:34 status config-files libgssapi-krb5-2:amd64 1.17-3
2020-11-19 20:03:34 status installed libkrb5-3:amd64 1.17-3
2020-11-19 20:03:34 remove libkrb5-3:amd64 1.17-3 <none>
2020-11-19 20:03:34 status half-configured libkrb5-3:amd64 1.17-3
2020-11-19 20:03:34 status half-installed libkrb5-3:amd64 1.17-3
2020-11-19 20:03:34 status config-files libkrb5-3:amd64 1.17-3
2020-11-19 20:03:34 status not-installed libkrb5-3:amd64 <none>
2020-11-19 20:03:34 status installed libk5crypto3:amd64 1.17-3
2020-11-19 20:03:34 remove libk5crypto3:amd64 1.17-3 <none>
2020-11-19 20:03:34 status half-configured libk5crypto3:amd64 1.17-3
2020-11-19 20:03:34 status half-installed libk5crypto3:amd64 1.17-3
2020-11-19 20:03:34 status config-files libk5crypto3:amd64 1.17-3
2020-11-19 20:03:34 status not-installed libk5crypto3:amd64 <none>
2020-11-19 20:03:34 status installed libkrb5support0:amd64 1.17-3
2020-11-19 20:03:34 remove libkrb5support0:amd64 1.17-3 <none>
2020-11-19 20:03:34 status half-configured libkrb5support0:amd64 1.17-3
2020-11-19 20:03:34 status half-installed libkrb5support0:amd64 1.17-3
2020-11-19 20:03:34 status config-files libkrb5support0:amd64 1.17-3
2020-11-19 20:03:34 status not-installed libkrb5support0:amd64 <none>
2020-11-19 20:03:34 status installed libkeyutils1:amd64 1.6-6
2020-11-19 20:03:34 remove libkeyutils1:amd64 1.6-6 <none>
2020-11-19 20:03:34 status half-configured libkeyutils1:amd64 1.6-6
2020-11-19 20:03:34 status half-installed libkeyutils1:amd64 1.6-6
2020-11-19 20:03:34 status config-files libkeyutils1:amd64 1.6-6
2020-11-19 20:03:34 status not-installed libkeyutils1:amd64 <none>
2020-11-19 20:03:34 status installed libldap-2.4-2:amd64 2.4.47+dfsg-3+deb10u4
2020-11-19 20:03:34 remove libldap-2.4-2:amd64 2.4.47+dfsg-3+deb10u4 <none>
2020-11-19 20:03:34 status half-configured libldap-2.4-2:amd64 2.4.47+dfsg-3+deb10u4
2020-11-19 20:03:34 status half-installed libldap-2.4-2:amd64 2.4.47+dfsg-3+deb10u4
2020-11-19 20:03:34 status config-files libldap-2.4-2:amd64 2.4.47+dfsg-3+deb10u4
2020-11-19 20:03:34 status not-installed libldap-2.4-2:amd64 <none>
2020-11-19 20:03:34 status installed libldap-common:all 2.4.47+dfsg-3+deb10u4
2020-11-19 20:03:34 remove libldap-common:all 2.4.47+dfsg-3+deb10u4 <none>
2020-11-19 20:03:34 status half-configured libldap-common:all 2.4.47+dfsg-3+deb10u4
2020-11-19 20:03:34 status half-installed libldap-common:all 2.4.47+dfsg-3+deb10u4
2020-11-19 20:03:34 status config-files libldap-common:all 2.4.47+dfsg-3+deb10u4
2020-11-19 20:03:34 status installed libnghttp2-14:amd64 1.36.0-2+deb10u1
2020-11-19 20:03:34 remove libnghttp2-14:amd64 1.36.0-2+deb10u1 <none>
2020-11-19 20:03:34 status half-configured libnghttp2-14:amd64 1.36.0-2+deb10u1
2020-11-19 20:03:34 status half-installed libnghttp2-14:amd64 1.36.0-2+deb10u1
2020-11-19 20:03:34 status config-files libnghttp2-14:amd64 1.36.0-2+deb10u1
2020-11-19 20:03:34 status not-installed libnghttp2-14:amd64 <none>
2020-11-19 20:03:34 status installed libpsl5:amd64 0.20.2-2
2020-11-19 20:03:34 remove libpsl5:amd64 0.20.2-2 <none>
2020-11-19 20:03:34 status half-configured libpsl5:amd64 0.20.2-2
2020-11-19 20:03:34 status half-installed libpsl5:amd64 0.20.2-2
2020-11-19 20:03:34 status config-files libpsl5:amd64 0.20.2-2
2020-11-19 20:03:34 status not-installed libpsl5:amd64 <none>
2020-11-19 20:03:34 status installed libreadline7:amd64 7.0-5
2020-11-19 20:03:34 remove libreadline7:amd64 7.0-5 <none>
2020-11-19 20:03:34 status half-configured libreadline7:amd64 7.0-5
2020-11-19 20:03:34 status half-installed libreadline7:amd64 7.0-5
2020-11-19 20:03:34 status config-files libreadline7:amd64 7.0-5
2020-11-19 20:03:34 status not-installed libreadline7:amd64 <none>
2020-11-19 20:03:34 status installed librtmp1:amd64 2.4+20151223.gitfa8646d.1-2
2020-11-19 20:03:34 remove librtmp1:amd64 2.4+20151223.gitfa8646d.1-2 <none>
2020-11-19 20:03:34 status half-configured librtmp1:amd64 2.4+20151223.gitfa8646d.1-2
2020-11-19 20:03:34 status half-installed librtmp1:amd64 2.4+20151223.gitfa8646d.1-2
2020-11-19 20:03:35 status config-files librtmp1:amd64 2.4+20151223.gitfa8646d.1-2
2020-11-19 20:03:35 status not-installed librtmp1:amd64 <none>
2020-11-19 20:03:35 status installed libsasl2-2:amd64 2.1.27+dfsg-1+deb10u1
2020-11-19 20:03:35 remove libsasl2-2:amd64 2.1.27+dfsg-1+deb10u1 <none>
2020-11-19 20:03:35 status half-configured libsasl2-2:amd64 2.1.27+dfsg-1+deb10u1
2020-11-19 20:03:35 status half-installed libsasl2-2:amd64 2.1.27+dfsg-1+deb10u1
2020-11-19 20:03:35 status config-files libsasl2-2:amd64 2.1.27+dfsg-1+deb10u1
2020-11-19 20:03:35 status not-installed libsasl2-2:amd64 <none>
2020-11-19 20:03:35 status installed libsasl2-modules-db:amd64 2.1.27+dfsg-1+deb10u1
2020-11-19 20:03:35 remove libsasl2-modules-db:amd64 2.1.27+dfsg-1+deb10u1 <none>
2020-11-19 20:03:35 status half-configured libsasl2-modules-db:amd64 2.1.27+dfsg-1+deb10u1
2020-11-19 20:03:35 status half-installed libsasl2-modules-db:amd64 2.1.27+dfsg-1+deb10u1
2020-11-19 20:03:35 status config-files libsasl2-modules-db:amd64 2.1.27+dfsg-1+deb10u1
2020-11-19 20:03:35 status not-installed libsasl2-modules-db:amd64 <none>
2020-11-19 20:03:35 status installed libssh2-1:amd64 1.8.0-2.1
2020-11-19 20:03:35 remove libssh2-1:amd64 1.8.0-2.1 <none>
2020-11-19 20:03:35 status half-configured libssh2-1:amd64 1.8.0-2.1
2020-11-19 20:03:35 status half-installed libssh2-1:amd64 1.8.0-2.1
2020-11-19 20:03:35 status config-files libssh2-1:amd64 1.8.0-2.1
2020-11-19 20:03:35 status not-installed libssh2-1:amd64 <none>
2020-11-19 20:03:35 status installed readline-common:all 7.0-5
2020-11-19 20:03:35 remove readline-common:all 7.0-5 <none>
2020-11-19 20:03:35 status half-configured readline-common:all 7.0-5
2020-11-19 20:03:35 status half-installed readline-common:all 7.0-5
2020-11-19 20:03:35 status config-files readline-common:all 7.0-5
2020-11-19 20:03:35 startup packages configure
2020-11-19 20:03:35 trigproc libc-bin:amd64 2.28-10 <none>
2020-11-19 20:03:35 status half-configured libc-bin:amd64 2.28-10
2020-11-19 20:03:35 status installed libc-bin:amd64 2.28-10
2020-11-19 20:03:35 startup packages purge
2020-11-19 20:03:35 purge libldap-common:all 2.4.47+dfsg-3+deb10u4 <none>
2020-11-19 20:03:35 status config-files libldap-common:all 2.4.47+dfsg-3+deb10u4
2020-11-19 20:03:35 status not-installed libldap-common:all <none>
2020-11-19 20:03:35 purge libgssapi-krb5-2:amd64 1.17-3 <none>
2020-11-19 20:03:35 status config-files libgssapi-krb5-2:amd64 1.17-3
2020-11-19 20:03:35 status not-installed libgssapi-krb5-2:amd64 <none>
2020-11-19 20:03:35 purge readline-common:all 7.0-5 <none>
2020-11-19 20:03:35 status config-files readline-common:all 7.0-5
2020-11-19 20:03:35 status not-installed readline-common:all <none>
2020-11-19 20:03:35 startup packages configure
2020-11-19 20:03:47 startup archives unpack
2020-11-19 20:03:47 install libsasl2-modules-db:amd64 <none> 2.1.27+dfsg-1+deb10u1
2020-11-19 20:03:47 status half-installed libsasl2-modules-db:amd64 2.1.27+dfsg-1+deb10u1
2020-11-19 20:03:47 status unpacked libsasl2-modules-db:amd64 2.1.27+dfsg-1+deb10u1
2020-11-19 20:03:47 install libsasl2-2:amd64 <none> 2.1.27+dfsg-1+deb10u1
2020-11-19 20:03:47 status triggers-pending libc-bin:amd64 2.28-10
2020-11-19 20:03:47 status half-installed libsasl2-2:amd64 2.1.27+dfsg-1+deb10u1
2020-11-19 20:03:47 status unpacked libsasl2-2:amd64 2.1.27+dfsg-1+deb10u1
2020-11-19 20:03:47 install libldap-common:all <none> 2.4.47+dfsg-3+deb10u4
2020-11-19 20:03:47 status half-installed libldap-common:all 2.4.47+dfsg-3+deb10u4
2020-11-19 20:03:47 status unpacked libldap-common:all 2.4.47+dfsg-3+deb10u4
2020-11-19 20:03:47 install libldap-2.4-2:amd64 <none> 2.4.47+dfsg-3+deb10u4
2020-11-19 20:03:47 status half-installed libldap-2.4-2:amd64 2.4.47+dfsg-3+deb10u4
2020-11-19 20:03:48 status unpacked libldap-2.4-2:amd64 2.4.47+dfsg-3+deb10u4
2020-11-19 20:03:48 install libkeyutils1:amd64 <none> 1.6-6
2020-11-19 20:03:48 status half-installed libkeyutils1:amd64 1.6-6
2020-11-19 20:03:48 status unpacked libkeyutils1:amd64 1.6-6
2020-11-19 20:03:48 install libkrb5support0:amd64 <none> 1.17-3
2020-11-19 20:03:48 status half-installed libkrb5support0:amd64 1.17-3
2020-11-19 20:03:48 status unpacked libkrb5support0:amd64 1.17-3
2020-11-19 20:03:48 install libk5crypto3:amd64 <none> 1.17-3
2020-11-19 20:03:48 status half-installed libk5crypto3:amd64 1.17-3
2020-11-19 20:03:48 status unpacked libk5crypto3:amd64 1.17-3
2020-11-19 20:03:48 install libkrb5-3:amd64 <none> 1.17-3
2020-11-19 20:03:48 status half-installed libkrb5-3:amd64 1.17-3
2020-11-19 20:03:48 status unpacked libkrb5-3:amd64 1.17-3
2020-11-19 20:03:48 install libgssapi-krb5-2:amd64 <none> 1.17-3
2020-11-19 20:03:48 status half-installed libgssapi-krb5-2:amd64 1.17-3
2020-11-19 20:03:48 status unpacked libgssapi-krb5-2:amd64 1.17-3
2020-11-19 20:03:48 install libnghttp2-14:amd64 <none> 1.36.0-2+deb10u1
2020-11-19 20:03:48 status half-installed libnghttp2-14:amd64 1.36.0-2+deb10u1
2020-11-19 20:03:48 status unpacked libnghttp2-14:amd64 1.36.0-2+deb10u1
2020-11-19 20:03:48 install libpsl5:amd64 <none> 0.20.2-2
2020-11-19 20:03:48 status half-installed libpsl5:amd64 0.20.2-2
2020-11-19 20:03:48 status unpacked libpsl5:amd64 0.20.2-2
2020-11-19 20:03:48 install librtmp1:amd64 <none> 2.4+20151223.gitfa8646d.1-2
2020-11-19 20:03:48 status half-installed librtmp1:amd64 2.4+20151223.gitfa8646d.1-2
2020-11-19 20:03:48 status unpacked librtmp1:amd64 2.4+20151223.gitfa8646d.1-2
2020-11-19 20:03:48 install libssh2-1:amd64 <none> 1.8.0-2.1
2020-11-19 20:03:48 status half-installed libssh2-1:amd64 1.8.0-2.1
2020-11-19 20:03:48 status unpacked libssh2-1:amd64 1.8.0-2.1
2020-11-19 20:03:48 install libcurl4:amd64 <none> 7.64.0-4+deb10u1
2020-11-19 20:03:48 status half-installed libcurl4:amd64 7.64.0-4+deb10u1
2020-11-19 20:03:48 status unpacked libcurl4:amd64 7.64.0-4+deb10u1
2020-11-19 20:03:48 install curl:amd64 <none> 7.64.0-4+deb10u1
2020-11-19 20:03:48 status half-installed curl:amd64 7.64.0-4+deb10u1
2020-11-19 20:03:48 status unpacked curl:amd64 7.64.0-4+deb10u1
2020-11-19 20:03:48 install libpcre2-8-0:amd64 <none> 10.32-5
2020-11-19 20:03:48 status half-installed libpcre2-8-0:amd64 10.32-5
2020-11-19 20:03:48 status unpacked libpcre2-8-0:amd64 10.32-5
2020-11-19 20:03:48 install lsb-base:all <none> 10.2019051400
2020-11-19 20:03:48 status half-installed lsb-base:all 10.2019051400
2020-11-19 20:03:48 status unpacked lsb-base:all 10.2019051400
2020-11-19 20:03:48 install unit:amd64 <none> 1.21.0-1~buster
2020-11-19 20:03:48 status half-installed unit:amd64 1.21.0-1~buster
2020-11-19 20:03:48 status unpacked unit:amd64 1.21.0-1~buster
2020-11-19 20:03:48 startup packages configure
2020-11-19 20:03:48 configure lsb-base:all 10.2019051400 <none>
2020-11-19 20:03:48 status unpacked lsb-base:all 10.2019051400
2020-11-19 20:03:48 status half-configured lsb-base:all 10.2019051400
2020-11-19 20:03:48 status installed lsb-base:all 10.2019051400
2020-11-19 20:03:48 configure libkeyutils1:amd64 1.6-6 <none>
2020-11-19 20:03:48 status unpacked libkeyutils1:amd64 1.6-6
2020-11-19 20:03:48 status half-configured libkeyutils1:amd64 1.6-6
2020-11-19 20:03:48 status installed libkeyutils1:amd64 1.6-6
2020-11-19 20:03:48 configure libpsl5:amd64 0.20.2-2 <none>
2020-11-19 20:03:48 status unpacked libpsl5:amd64 0.20.2-2
2020-11-19 20:03:48 status half-configured libpsl5:amd64 0.20.2-2
2020-11-19 20:03:48 status installed libpsl5:amd64 0.20.2-2
2020-11-19 20:03:48 configure libnghttp2-14:amd64 1.36.0-2+deb10u1 <none>
2020-11-19 20:03:48 status unpacked libnghttp2-14:amd64 1.36.0-2+deb10u1
2020-11-19 20:03:48 status half-configured libnghttp2-14:amd64 1.36.0-2+deb10u1
2020-11-19 20:03:48 status installed libnghttp2-14:amd64 1.36.0-2+deb10u1
2020-11-19 20:03:48 configure libldap-common:all 2.4.47+dfsg-3+deb10u4 <none>
2020-11-19 20:03:48 status unpacked libldap-common:all 2.4.47+dfsg-3+deb10u4
2020-11-19 20:03:48 status half-configured libldap-common:all 2.4.47+dfsg-3+deb10u4
2020-11-19 20:03:48 status installed libldap-common:all 2.4.47+dfsg-3+deb10u4
2020-11-19 20:03:48 configure libkrb5support0:amd64 1.17-3 <none>
2020-11-19 20:03:48 status unpacked libkrb5support0:amd64 1.17-3
2020-11-19 20:03:48 status half-configured libkrb5support0:amd64 1.17-3
2020-11-19 20:03:48 status installed libkrb5support0:amd64 1.17-3
2020-11-19 20:03:48 configure libsasl2-modules-db:amd64 2.1.27+dfsg-1+deb10u1 <none>
2020-11-19 20:03:48 status unpacked libsasl2-modules-db:amd64 2.1.27+dfsg-1+deb10u1
2020-11-19 20:03:48 status half-configured libsasl2-modules-db:amd64 2.1.27+dfsg-1+deb10u1
2020-11-19 20:03:48 status installed libsasl2-modules-db:amd64 2.1.27+dfsg-1+deb10u1
2020-11-19 20:03:48 configure librtmp1:amd64 2.4+20151223.gitfa8646d.1-2 <none>
2020-11-19 20:03:48 status unpacked librtmp1:amd64 2.4+20151223.gitfa8646d.1-2
2020-11-19 20:03:48 status half-configured librtmp1:amd64 2.4+20151223.gitfa8646d.1-2
2020-11-19 20:03:48 status installed librtmp1:amd64 2.4+20151223.gitfa8646d.1-2
2020-11-19 20:03:48 configure libpcre2-8-0:amd64 10.32-5 <none>
2020-11-19 20:03:48 status unpacked libpcre2-8-0:amd64 10.32-5
2020-11-19 20:03:48 status half-configured libpcre2-8-0:amd64 10.32-5
2020-11-19 20:03:48 status installed libpcre2-8-0:amd64 10.32-5
2020-11-19 20:03:48 configure libk5crypto3:amd64 1.17-3 <none>
2020-11-19 20:03:48 status unpacked libk5crypto3:amd64 1.17-3
2020-11-19 20:03:48 status half-configured libk5crypto3:amd64 1.17-3
2020-11-19 20:03:48 status installed libk5crypto3:amd64 1.17-3
2020-11-19 20:03:48 configure libsasl2-2:amd64 2.1.27+dfsg-1+deb10u1 <none>
2020-11-19 20:03:48 status unpacked libsasl2-2:amd64 2.1.27+dfsg-1+deb10u1
2020-11-19 20:03:48 status half-configured libsasl2-2:amd64 2.1.27+dfsg-1+deb10u1
2020-11-19 20:03:48 status installed libsasl2-2:amd64 2.1.27+dfsg-1+deb10u1
2020-11-19 20:03:48 configure unit:amd64 1.21.0-1~buster <none>
2020-11-19 20:03:48 status unpacked unit:amd64 1.21.0-1~buster
2020-11-19 20:03:48 status half-configured unit:amd64 1.21.0-1~buster
2020-11-19 20:03:48 status installed unit:amd64 1.21.0-1~buster
2020-11-19 20:03:48 configure libssh2-1:amd64 1.8.0-2.1 <none>
2020-11-19 20:03:48 status unpacked libssh2-1:amd64 1.8.0-2.1
2020-11-19 20:03:48 status half-configured libssh2-1:amd64 1.8.0-2.1
2020-11-19 20:03:48 status installed libssh2-1:amd64 1.8.0-2.1
2020-11-19 20:03:48 configure libkrb5-3:amd64 1.17-3 <none>
2020-11-19 20:03:48 status unpacked libkrb5-3:amd64 1.17-3
2020-11-19 20:03:48 status half-configured libkrb5-3:amd64 1.17-3
2020-11-19 20:03:48 status installed libkrb5-3:amd64 1.17-3
2020-11-19 20:03:48 configure libldap-2.4-2:amd64 2.4.47+dfsg-3+deb10u4 <none>
2020-11-19 20:03:48 status unpacked libldap-2.4-2:amd64 2.4.47+dfsg-3+deb10u4
2020-11-19 20:03:48 status half-configured libldap-2.4-2:amd64 2.4.47+dfsg-3+deb10u4
2020-11-19 20:03:48 status installed libldap-2.4-2:amd64 2.4.47+dfsg-3+deb10u4
2020-11-19 20:03:48 configure libgssapi-krb5-2:amd64 1.17-3 <none>
2020-11-19 20:03:48 status unpacked libgssapi-krb5-2:amd64 1.17-3
2020-11-19 20:03:48 status half-configured libgssapi-krb5-2:amd64 1.17-3
2020-11-19 20:03:48 status installed libgssapi-krb5-2:amd64 1.17-3
2020-11-19 20:03:48 configure libcurl4:amd64 7.64.0-4+deb10u1 <none>
2020-11-19 20:03:48 status unpacked libcurl4:amd64 7.64.0-4+deb10u1
2020-11-19 20:03:48 status half-configured libcurl4:amd64 7.64.0-4+deb10u1
2020-11-19 20:03:49 status installed libcurl4:amd64 7.64.0-4+deb10u1
2020-11-19 20:03:49 configure curl:amd64 7.64.0-4+deb10u1 <none>
2020-11-19 20:03:49 status unpacked curl:amd64 7.64.0-4+deb10u1
2020-11-19 20:03:49 status half-configured curl:amd64 7.64.0-4+deb10u1
2020-11-19 20:03:49 status installed curl:amd64 7.64.0-4+deb10u1
2020-11-19 20:03:49 trigproc libc-bin:amd64 2.28-10 <none>
2020-11-19 20:03:49 status half-configured libc-bin:amd64 2.28-10
2020-11-19 20:03:49 status installed libc-bin:amd64 2.28-10
2020-11-19 20:03:51 startup packages remove
2020-11-19 20:03:51 status installed apt-transport-https:all 1.8.2.1
2020-11-19 20:03:51 remove apt-transport-https:all 1.8.2.1 <none>
2020-11-19 20:03:51 status half-configured apt-transport-https:all 1.8.2.1
2020-11-19 20:03:51 status half-installed apt-transport-https:all 1.8.2.1
2020-11-19 20:03:51 status config-files apt-transport-https:all 1.8.2.1
2020-11-19 20:03:51 status not-installed apt-transport-https:all <none>
2020-11-19 20:03:51 startup packages configure
2020-11-19 20:03:51 startup packages configure
